<?xml version="1.0" encoding="UTF-8"?>
<!-- Generated by org.testng.reporters.JUnitReportReporter -->
<testsuite skipped="0" hostname="CG-DTE-Student" name="startupProject.QutationPage" tests="3" failures="0" timestamp="25 Jun 2020 11:35:24 GMT" time="68.764" errors="0">
  <testcase name="managerLogin" time="10.446" classname="startupProject.QutationPage"/>
  <testcase name="managerLogin" time="9.262" classname="startupProject.QutationPage"/>
  <testcase name="addQuotation" time="49.056" classname="startupProject.QutationPage"/>
</testsuite> <!-- startupProject.QutationPage -->
