<?xml version="1.0" encoding="UTF-8"?>
<!-- Generated by org.testng.reporters.JUnitReportReporter -->
<testsuite skipped="0" hostname="CG-DTE-Student" name="startupProject.QuotationPage" tests="3" failures="0" timestamp="09 Jul 2020 11:48:46 GMT" time="37.412" errors="0">
  <testcase name="managerLogin" time="13.052" classname="startupProject.QuotationPage"/>
  <testcase name="managerLogin" time="9.924" classname="startupProject.QuotationPage"/>
  <testcase name="addQuotation" time="14.436" classname="startupProject.QuotationPage"/>
</testsuite> <!-- startupProject.QuotationPage -->
