<?xml version="1.0" encoding="UTF-8"?>
<!-- Generated by org.testng.reporters.JUnitReportReporter -->
<testsuite skipped="0" hostname="LAPTOP-AEP0P0EM" name="startupProject.IncorrectPassword" tests="1" failures="0" timestamp="2020-04-27T16:28:52 IST" time="0.004" errors="0">
  <testcase name="password" time="0.004" classname="startupProject.IncorrectPassword"/>
</testsuite> <!-- startupProject.IncorrectPassword -->
